2025-03-31T12:39:45.931Z  INFO 21124 --- [program-service] [main] c.d.l.p.ProgramServiceApplicationTests   : Starting ProgramServiceApplicationTests using Java 17.0.13 with PID 21124 (started by david in C:\Users\david\OneDrive\Bureau\M2GL\Semestre1\JEE\examen\SchoolManagementProject\school_manag_backend\program_service)
2025-03-31T12:39:45.938Z  INFO 21124 --- [program-service] [main] c.d.l.p.ProgramServiceApplicationTests   : No active profile set, falling back to 1 default profile: "default"
2025-03-31T12:39:45.986Z DEBUG 21124 --- [program-service] [main] o.s.w.c.s.GenericWebApplicationContext   : Refreshing org.springframework.web.context.support.GenericWebApplicationContext@718fd7c1
2025-03-31T12:39:47.863Z  INFO 21124 --- [program-service] [main] .s.d.r.c.RepositoryConfigurationDelegate : Bootstrapping Spring Data JPA repositories in DEFAULT mode.
2025-03-31T12:39:48.115Z  INFO 21124 --- [program-service] [main] .s.d.r.c.RepositoryConfigurationDelegate : Finished Spring Data repository scanning in 236 ms. Found 3 JPA repository interfaces.
2025-03-31T12:39:48.509Z  INFO 21124 --- [program-service] [main] o.s.cloud.context.scope.GenericScope     : BeanFactory id=0cbb009c-e276-302d-9fa2-02ae10080967
2025-03-31T12:39:49.298Z  INFO 21124 --- [program-service] [main] o.hibernate.jpa.internal.util.LogHelper  : HHH000204: Processing PersistenceUnitInfo [name: default]
2025-03-31T12:39:49.412Z  INFO 21124 --- [program-service] [main] org.hibernate.Version                    : HHH000412: Hibernate ORM core version 6.6.5.Final
2025-03-31T12:39:49.471Z  INFO 21124 --- [program-service] [main] o.h.c.internal.RegionFactoryInitiator    : HHH000026: Second-level cache disabled
2025-03-31T12:39:49.665Z  INFO 21124 --- [program-service] [main] o.s.o.j.p.SpringPersistenceUnitInfo      : No LoadTimeWeaver setup: ignoring JPA class transformer
2025-03-31T12:39:49.716Z  INFO 21124 --- [program-service] [main] com.zaxxer.hikari.HikariDataSource       : HikariPool-1 - Starting...
2025-03-31T12:39:50.185Z  INFO 21124 --- [program-service] [main] com.zaxxer.hikari.pool.HikariPool        : HikariPool-1 - Added connection com.mysql.cj.jdbc.ConnectionImpl@f9919a2
2025-03-31T12:39:50.188Z  INFO 21124 --- [program-service] [main] com.zaxxer.hikari.HikariDataSource       : HikariPool-1 - Start completed.
2025-03-31T12:39:50.279Z  WARN 21124 --- [program-service] [main] org.hibernate.orm.deprecation            : HHH90000025: MySQLDialect does not need to be specified explicitly using 'hibernate.dialect' (remove the property setting and it will be selected by default)
2025-03-31T12:39:50.310Z  INFO 21124 --- [program-service] [main] org.hibernate.orm.connections.pooling    : HHH10001005: Database info:
	Database JDBC URL [Connecting through datasource 'HikariDataSource (HikariPool-1)']
	Database driver: undefined/unknown
	Database version: 9.1
	Autocommit mode: undefined/unknown
	Isolation level: undefined/unknown
	Minimum pool size: undefined/unknown
	Maximum pool size: undefined/unknown
2025-03-31T12:39:51.343Z  INFO 21124 --- [program-service] [main] o.h.e.t.j.p.i.JtaPlatformInitiator       : HHH000489: No JTA platform available (set 'hibernate.transaction.jta.platform' to enable JTA platform integration)
2025-03-31T12:39:51.448Z  INFO 21124 --- [program-service] [main] j.LocalContainerEntityManagerFactoryBean : Initialized JPA EntityManagerFactory for persistence unit 'default'
2025-03-31T12:39:52.548Z  WARN 21124 --- [program-service] [main] JpaBaseConfiguration$JpaWebConfiguration : spring.jpa.open-in-view is enabled by default. Therefore, database queries may be performed during view rendering. Explicitly configure spring.jpa.open-in-view to disable this warning
2025-03-31T12:39:52.778Z DEBUG 21124 --- [program-service] [main] s.w.s.m.m.a.RequestMappingHandlerMapping : 21 mappings in 'requestMappingHandlerMapping'
2025-03-31T12:39:53.030Z DEBUG 21124 --- [program-service] [main] o.s.w.s.handler.SimpleUrlHandlerMapping  : Patterns [/webjars/**, /**, /swagger-ui*/*swagger-initializer.js, /swagger-ui*/**] in 'resourceHandlerMapping'
2025-03-31T12:39:53.115Z DEBUG 21124 --- [program-service] [main] s.w.s.m.m.a.RequestMappingHandlerAdapter : ControllerAdvice beans: 0 @ModelAttribute, 0 @InitBinder, 1 RequestBodyAdvice, 1 ResponseBodyAdvice
2025-03-31T12:39:53.203Z DEBUG 21124 --- [program-service] [main] .m.m.a.ExceptionHandlerExceptionResolver : ControllerAdvice beans: 2 @ExceptionHandler, 1 ResponseBodyAdvice
2025-03-31T12:39:54.670Z  INFO 21124 --- [program-service] [main] DiscoveryClientOptionalArgsConfiguration : Eureka HTTP Client uses RestTemplate.
2025-03-31T12:39:54.771Z  WARN 21124 --- [program-service] [main] iguration$LoadBalancerCaffeineWarnLogger : Spring Cloud LoadBalancer is currently working with the default cache. While this cache implementation is useful for development and tests, it's recommended to use Caffeine cache in production.You can switch to using Caffeine cache, by adding it and org.springframework.cache.caffeine.CaffeineCacheManager to the classpath.
2025-03-31T12:39:54.825Z  INFO 21124 --- [program-service] [main] o.s.b.a.e.web.EndpointLinksResolver      : Exposing 1 endpoint beneath base path '/actuator'
2025-03-31T12:39:54.929Z  INFO 21124 --- [program-service] [main] o.s.c.n.eureka.InstanceInfoFactory       : Setting initial instance status as: STARTING
2025-03-31T12:39:54.980Z  INFO 21124 --- [program-service] [main] com.netflix.discovery.DiscoveryClient    : Initializing Eureka in region us-east-1
2025-03-31T12:39:54.989Z  INFO 21124 --- [program-service] [main] c.n.d.s.r.aws.ConfigClusterResolver      : Resolving eureka endpoints via configuration
2025-03-31T12:39:55.002Z  INFO 21124 --- [program-service] [main] com.netflix.discovery.DiscoveryClient    : Disable delta property : false
2025-03-31T12:39:55.003Z  INFO 21124 --- [program-service] [main] com.netflix.discovery.DiscoveryClient    : Single vip registry refresh property : null
2025-03-31T12:39:55.003Z  INFO 21124 --- [program-service] [main] com.netflix.discovery.DiscoveryClient    : Force full registry fetch : false
2025-03-31T12:39:55.003Z  INFO 21124 --- [program-service] [main] com.netflix.discovery.DiscoveryClient    : Application is null : false
2025-03-31T12:39:55.003Z  INFO 21124 --- [program-service] [main] com.netflix.discovery.DiscoveryClient    : Registered Applications size is zero : true
2025-03-31T12:39:55.003Z  INFO 21124 --- [program-service] [main] com.netflix.discovery.DiscoveryClient    : Application version is -1: true
2025-03-31T12:39:55.003Z  INFO 21124 --- [program-service] [main] com.netflix.discovery.DiscoveryClient    : Getting all instance registry info from the eureka server
2025-03-31T12:39:55.226Z DEBUG 21124 --- [program-service] [main] o.s.web.client.RestTemplate              : HTTP GET http://localhost:8761/eureka/apps/
2025-03-31T12:39:55.384Z DEBUG 21124 --- [program-service] [main] o.s.web.client.RestTemplate              : Accept=[application/json, application/yaml, application/*+json]
2025-03-31T12:39:55.687Z DEBUG 21124 --- [program-service] [main] o.s.web.client.RestTemplate              : Response 200 OK
2025-03-31T12:39:55.690Z DEBUG 21124 --- [program-service] [main] o.s.web.client.RestTemplate              : Reading to [org.springframework.cloud.netflix.eureka.http.EurekaApplications]
2025-03-31T12:39:55.714Z  INFO 21124 --- [program-service] [main] com.netflix.discovery.DiscoveryClient    : The response status is 200
2025-03-31T12:39:55.716Z  INFO 21124 --- [program-service] [main] com.netflix.discovery.DiscoveryClient    : Starting heartbeat executor: renew interval is: 30
2025-03-31T12:39:55.718Z  INFO 21124 --- [program-service] [main] c.n.discovery.InstanceInfoReplicator     : InstanceInfoReplicator onDemand update allowed rate per min is 4
2025-03-31T12:39:55.721Z  INFO 21124 --- [program-service] [main] com.netflix.discovery.DiscoveryClient    : Discovery Client initialized at timestamp 1743424795720 with initial instances count: 0
2025-03-31T12:39:55.728Z  INFO 21124 --- [program-service] [main] o.s.c.n.e.s.EurekaServiceRegistry        : Registering application PROGRAM-SERVICE with eureka with status UP
2025-03-31T12:39:55.731Z  INFO 21124 --- [program-service] [main] com.netflix.discovery.DiscoveryClient    : Saw local status change event StatusChangeEvent [timestamp=1743424795731, current=UP, previous=STARTING]
2025-03-31T12:39:55.735Z  INFO 21124 --- [program-service] [DiscoveryClient-InstanceInfoReplicator-%d] com.netflix.discovery.DiscoveryClient    : DiscoveryClient_PROGRAM-SERVICE/172.19.96.1:program-service:8084: registering service...
2025-03-31T12:39:55.742Z DEBUG 21124 --- [program-service] [DiscoveryClient-InstanceInfoReplicator-%d] o.s.web.client.RestTemplate              : HTTP POST http://localhost:8761/eureka/apps/PROGRAM-SERVICE
2025-03-31T12:39:55.745Z DEBUG 21124 --- [program-service] [DiscoveryClient-InstanceInfoReplicator-%d] o.s.web.client.RestTemplate              : Accept=[application/json, application/yaml, application/*+json]
2025-03-31T12:39:55.759Z  INFO 21124 --- [program-service] [main] c.d.l.p.ProgramServiceApplicationTests   : Started ProgramServiceApplicationTests in 10.586 seconds (process running for 13.781)
2025-03-31T12:39:55.770Z DEBUG 21124 --- [program-service] [DiscoveryClient-InstanceInfoReplicator-%d] o.s.web.client.RestTemplate              : Writing [InstanceInfo [instanceId = 172.19.96.1:program-service:8084, appName = PROGRAM-SERVICE, hostName = 172.19.96.1, status = UP, ipAddr = 172.19.96.1, port = 8084, securePort = 443, dataCenterInfo = com.netflix.appinfo.MyDataCenterInfo@148a581e] as "application/json"
2025-03-31T12:39:55.988Z DEBUG 21124 --- [program-service] [DiscoveryClient-InstanceInfoReplicator-%d] o.s.web.client.RestTemplate              : Response 204 NO_CONTENT
2025-03-31T12:39:55.989Z  INFO 21124 --- [program-service] [DiscoveryClient-InstanceInfoReplicator-%d] com.netflix.discovery.DiscoveryClient    : DiscoveryClient_PROGRAM-SERVICE/172.19.96.1:program-service:8084 - registration status: 204
2025-03-31T12:39:56.013Z  INFO 21124 --- [program-service] [main] c.d.l.p.s.s.impl.SectorServiceImpl       : Sector (Département): com.dav.labs.program_service.sector.entities.SectorEntity@41019f9d
2025-03-31T12:39:56.047Z DEBUG 21124 --- [program-service] [SpringApplicationShutdownHook] o.s.w.c.s.GenericWebApplicationContext   : Closing org.springframework.web.context.support.GenericWebApplicationContext@718fd7c1, started on Mon Mar 31 12:39:45 UTC 2025
2025-03-31T12:39:56.048Z  INFO 21124 --- [program-service] [SpringApplicationShutdownHook] o.s.c.n.e.s.EurekaServiceRegistry        : Unregistering application PROGRAM-SERVICE with eureka with status DOWN
2025-03-31T12:39:56.049Z  INFO 21124 --- [program-service] [SpringApplicationShutdownHook] com.netflix.discovery.DiscoveryClient    : Saw local status change event StatusChangeEvent [timestamp=1743424796049, current=DOWN, previous=UP]
2025-03-31T12:39:56.049Z  INFO 21124 --- [program-service] [DiscoveryClient-InstanceInfoReplicator-%d] com.netflix.discovery.DiscoveryClient    : DiscoveryClient_PROGRAM-SERVICE/172.19.96.1:program-service:8084: registering service...
2025-03-31T12:39:56.050Z DEBUG 21124 --- [program-service] [DiscoveryClient-InstanceInfoReplicator-%d] o.s.web.client.RestTemplate              : HTTP POST http://localhost:8761/eureka/apps/PROGRAM-SERVICE
2025-03-31T12:39:56.050Z DEBUG 21124 --- [program-service] [DiscoveryClient-InstanceInfoReplicator-%d] o.s.web.client.RestTemplate              : Accept=[application/json, application/yaml, application/*+json]
2025-03-31T12:39:56.051Z DEBUG 21124 --- [program-service] [DiscoveryClient-InstanceInfoReplicator-%d] o.s.web.client.RestTemplate              : Writing [InstanceInfo [instanceId = 172.19.96.1:program-service:8084, appName = PROGRAM-SERVICE, hostName = 172.19.96.1, status = DOWN, ipAddr = 172.19.96.1, port = 8084, securePort = 443, dataCenterInfo = com.netflix.appinfo.MyDataCenterInfo@148a581e] as "application/json"
2025-03-31T12:39:56.059Z  INFO 21124 --- [program-service] [SpringApplicationShutdownHook] j.LocalContainerEntityManagerFactoryBean : Closing JPA EntityManagerFactory for persistence unit 'default'
2025-03-31T12:39:56.062Z DEBUG 21124 --- [program-service] [DiscoveryClient-InstanceInfoReplicator-%d] o.s.web.client.RestTemplate              : Response 204 NO_CONTENT
2025-03-31T12:39:56.062Z  INFO 21124 --- [program-service] [DiscoveryClient-InstanceInfoReplicator-%d] com.netflix.discovery.DiscoveryClient    : DiscoveryClient_PROGRAM-SERVICE/172.19.96.1:program-service:8084 - registration status: 204
2025-03-31T12:39:56.063Z  INFO 21124 --- [program-service] [SpringApplicationShutdownHook] com.zaxxer.hikari.HikariDataSource       : HikariPool-1 - Shutdown initiated...
2025-03-31T12:39:56.081Z  INFO 21124 --- [program-service] [SpringApplicationShutdownHook] com.zaxxer.hikari.HikariDataSource       : HikariPool-1 - Shutdown completed.
2025-03-31T12:39:56.081Z  INFO 21124 --- [program-service] [SpringApplicationShutdownHook] com.netflix.discovery.DiscoveryClient    : Shutting down DiscoveryClient ...
2025-03-31T12:39:59.090Z  INFO 21124 --- [program-service] [SpringApplicationShutdownHook] com.netflix.discovery.DiscoveryClient    : Unregistering ...
2025-03-31T12:39:59.091Z DEBUG 21124 --- [program-service] [SpringApplicationShutdownHook] o.s.web.client.RestTemplate              : HTTP DELETE http://localhost:8761/eureka/apps/PROGRAM-SERVICE/172.19.96.1:program-service:8084
2025-03-31T12:39:59.092Z DEBUG 21124 --- [program-service] [SpringApplicationShutdownHook] o.s.web.client.RestTemplate              : Accept=[application/json, application/yaml, application/*+json]
2025-03-31T12:39:59.125Z DEBUG 21124 --- [program-service] [SpringApplicationShutdownHook] o.s.web.client.RestTemplate              : Response 200 OK
2025-03-31T12:39:59.126Z  INFO 21124 --- [program-service] [SpringApplicationShutdownHook] com.netflix.discovery.DiscoveryClient    : DiscoveryClient_PROGRAM-SERVICE/172.19.96.1:program-service:8084 - deregister  status: 200
2025-03-31T12:39:59.126Z  INFO 21124 --- [program-service] [SpringApplicationShutdownHook] com.netflix.discovery.DiscoveryClient    : Completed shut down of DiscoveryClient
